  Source.cpp
F:\visual studio\calculator\Source.cpp(15,13): error C2131: expression did not evaluate to a constant
F:\visual studio\calculator\Source.cpp(15,13): message : failure was caused by a read of a variable outside its lifetime
F:\visual studio\calculator\Source.cpp(15,13): message : see usage of 'c'
F:\visual studio\calculator\Source.cpp(16,12): error C2131: expression did not evaluate to a constant
F:\visual studio\calculator\Source.cpp(16,12): message : failure was caused by a read of a variable outside its lifetime
F:\visual studio\calculator\Source.cpp(16,12): message : see usage of 'c'
F:\visual studio\calculator\Source.cpp(20,7): warning C4552: '>>': result of expression not used
F:\visual studio\calculator\Source.cpp(21,51): warning C4552: '<<': result of expression not used
F:\visual studio\calculator\Source.cpp(22,7): warning C4552: '>>': result of expression not used
F:\visual studio\calculator\Source.cpp(32,65): warning C4552: '<<': result of expression not used
F:\visual studio\calculator\Source.cpp(36,66): warning C4552: '<<': result of expression not used
F:\visual studio\calculator\Source.cpp(40,66): warning C4552: '<<': result of expression not used
F:\visual studio\calculator\Source.cpp(44,65): warning C4552: '<<': result of expression not used
F:\visual studio\calculator\Source.cpp(48,66): warning C4552: '<<': result of expression not used
F:\visual studio\calculator\Source.cpp(52,66): warning C4552: '<<': result of expression not used
F:\visual studio\calculator\Source.cpp(56,65): warning C4552: '<<': result of expression not used
F:\visual studio\calculator\Source.cpp(60,66): warning C4552: '<<': result of expression not used
F:\visual studio\calculator\Source.cpp(64,66): warning C4552: '<<': result of expression not used
F:\visual studio\calculator\Source.cpp(68,66): warning C4552: '<<': result of expression not used
F:\visual studio\calculator\Source.cpp(72,68): warning C4552: '<<': result of expression not used
